<?xml version="1.0" encoding="UTF-8"?>
<!-- Generated by org.testng.reporters.JUnitXMLReporter -->
<testsuite ignored="0" hostname="DESKTOP-ID5ANKU" failures="0" tests="3" name="Test" time="0.281" errors="0" timestamp="2023-01-28T09:04:19 IST">
  <testcase classname="test_pack.Test_base_class" name="@BeforeMethod setup" time="-1.674876859482E9">
    <failure type="org.testng.TestNGException" message="
Parameter &amp;apos;browsername&amp;apos; is required by BeforeMethod on method setup but has not been marked @Optional or defined
in C:\Users\USER\eclipse-workspace\Huron.pvt.ltd\testng.xml">
      <![CDATA[org.testng.TestNGException: 
Parameter 'browsername' is required by BeforeMethod on method setup but has not been marked @Optional or defined
in C:\Users\USER\eclipse-workspace\Huron.pvt.ltd\testng.xml
at java.base/java.util.ArrayList.forEach(ArrayList.java:1511)
... Removed 28 stack frames]]>
    </failure>
  </testcase> <!-- @BeforeMethod setup -->
  <testcase classname="test_pack.Test_base_class" name="@AfterMethod teardown" time="-1.674876859577E9">
    <skipped/>
  </testcase> <!-- @AfterMethod teardown -->
  <testcase classname="test_pack.Test_base_class" name="@BeforeMethod setup" time="-1.674876859585E9">
    <failure type="org.testng.TestNGException" message="
Parameter &amp;apos;browsername&amp;apos; is required by BeforeMethod on method setup but has not been marked @Optional or defined
in C:\Users\USER\eclipse-workspace\Huron.pvt.ltd\testng.xml">
      <![CDATA[org.testng.TestNGException: 
Parameter 'browsername' is required by BeforeMethod on method setup but has not been marked @Optional or defined
in C:\Users\USER\eclipse-workspace\Huron.pvt.ltd\testng.xml
at java.base/java.util.ArrayList.forEach(ArrayList.java:1511)
... Removed 28 stack frames]]>
    </failure>
  </testcase> <!-- @BeforeMethod setup -->
  <testcase classname="test_pack.Test_base_class" name="@AfterMethod teardown" time="-1.674876859598E9">
    <skipped/>
  </testcase> <!-- @AfterMethod teardown -->
  <testcase classname="test_pack.Test_base_class" name="@BeforeMethod setup" time="-1.674876859602E9">
    <failure type="org.testng.TestNGException" message="
Parameter &amp;apos;browsername&amp;apos; is required by BeforeMethod on method setup but has not been marked @Optional or defined
in C:\Users\USER\eclipse-workspace\Huron.pvt.ltd\testng.xml">
      <![CDATA[org.testng.TestNGException: 
Parameter 'browsername' is required by BeforeMethod on method setup but has not been marked @Optional or defined
in C:\Users\USER\eclipse-workspace\Huron.pvt.ltd\testng.xml
at java.base/java.util.ArrayList.forEach(ArrayList.java:1511)
... Removed 28 stack frames]]>
    </failure>
  </testcase> <!-- @BeforeMethod setup -->
  <testcase classname="test_pack.Test_base_class" name="@AfterMethod teardown" time="-1.674876859635E9">
    <skipped/>
  </testcase> <!-- @AfterMethod teardown -->
  <testcase classname="test_pack.TC01_logintest" name="validation" time="0.0">
    <skipped/>
  </testcase> <!-- validation -->
  <testcase classname="test_pack.TC_02_Logout_test" name="validaion" time="0.0">
    <skipped/>
  </testcase> <!-- validaion -->
  <testcase classname="test_pack.TC_03_About_test" name="Validation" time="0.0">
    <skipped/>
  </testcase> <!-- Validation -->
</testsuite> <!-- Test -->
